============== Test suite CheckoutMultiOrder =============
PHPUnit 5.5.7 by Sebastian Bergmann and contributors.

Runtime:       PHP 7.1.11
Configuration: /var/www/dev/tests/functional/phpunit.xml

FE......EE.                                                       11 / 11 (100%)

Time: 17.29 minutes, Memory: 76.00MB

There were 3 errors:

1) Magento\Webpos\Test\TestCase\Checkout\MultiOrder\WebposAddProductTo2CartsCP20Test::test with data set "WebposAddProductTo2CartsCP20TestVariation1_CP20_0" (WebposAddProductTo2CartsCP20TestVariation1_CP20_0)
PHPUnit_Extensions_Selenium2TestCase_WebDriverException: Timed out after 90 seconds

/var/www/dev/tests/functional/vendor/magento/mtf/Magento/Mtf/Client/Driver/Selenium/WaitUntil.php:78
/var/www/dev/tests/functional/vendor/magento/mtf/Magento/Mtf/Client/Driver/Selenium/RemoteDriver.php:46
/var/www/dev/tests/functional/vendor/magento/mtf/Magento/Mtf/Client/Driver/Selenium/Driver.php:606
/var/www/dev/tests/functional/vendor/magento/mtf/Magento/Mtf/Client/Browser.php:206
/var/www/dev/tests/functional/vendor/magento/mtf/Magento/Mtf/Block/Block.php:132
/var/www/dev/tests/functional/tests/app/Magento/Webpos/Test/Block/Checkout/CheckoutPlaceOrder.php:35
/var/www/dev/tests/functional/tests/app/Magento/Webpos/Test/TestCase/Checkout/MultiOrder/WebposAddProductTo2CartsCP20Test.php:75
/var/www/dev/tests/functional/vendor/magento/mtf/Magento/Mtf/TestCase/Injectable.php:226
/var/www/dev/tests/functional/vendor/magento/mtf/Magento/Mtf/TestCase/Functional.php:300
/var/www/dev/tests/functional/vendor/magento/mtf/Magento/Mtf/TestCase/Functional.php:217
/var/www/dev/tests/functional/vendor/magento/mtf/Magento/Mtf/TestCase/Injectable.php:210
/var/www/dev/tests/functional/vendor/magento/mtf/Magento/Mtf/TestCase/Injectable.php:166

2) Magento\Webpos\Test\TestCase\Checkout\MultiOrder\WebposMultiOrderBackCheckoutOn1ndCartAndPlaceOrderOn2ndCartCP33Test::test with data set "WebposMultiOrderBackCheckoutOn1ndCartAndPlaceOrderOn2ndCartCP33TestVariation1_CP33_0" (WebposMultiOrderBackCheckoutOn1ndCartAndPlaceOrderOn2ndCartCP33TestVariation1_CP33_0)
PHPUnit_Extensions_Selenium2TestCase_WebDriverException: Timed out after 90 seconds

/var/www/dev/tests/functional/vendor/magento/mtf/Magento/Mtf/Client/Driver/Selenium/WaitUntil.php:78
/var/www/dev/tests/functional/vendor/magento/mtf/Magento/Mtf/Client/Driver/Selenium/RemoteDriver.php:46
/var/www/dev/tests/functional/vendor/magento/mtf/Magento/Mtf/Client/Driver/Selenium/Driver.php:606
/var/www/dev/tests/functional/vendor/magento/mtf/Magento/Mtf/Client/Browser.php:206
/var/www/dev/tests/functional/vendor/magento/mtf/Magento/Mtf/Block/Block.php:132
/var/www/dev/tests/functional/tests/app/Magento/Webpos/Test/Block/Checkout/CheckoutPlaceOrder.php:35
/var/www/dev/tests/functional/tests/app/Magento/Webpos/Test/TestCase/Checkout/MultiOrder/WebposMultiOrderBackCheckoutOn1ndCartAndPlaceOrderOn2ndCartCP33Test.php:77
/var/www/dev/tests/functional/vendor/magento/mtf/Magento/Mtf/TestCase/Injectable.php:226
/var/www/dev/tests/functional/vendor/magento/mtf/Magento/Mtf/TestCase/Functional.php:300
/var/www/dev/tests/functional/vendor/magento/mtf/Magento/Mtf/TestCase/Functional.php:217
/var/www/dev/tests/functional/vendor/magento/mtf/Magento/Mtf/TestCase/Injectable.php:210
/var/www/dev/tests/functional/vendor/magento/mtf/Magento/Mtf/TestCase/Injectable.php:166

3) Magento\Webpos\Test\TestCase\Checkout\MultiOrder\WebposMultiOrderCheckoutOn1ndCartTest::test with data set "WebposMultiOrderCheckoutOn2ndCartTestVariation1_CP31_0" (WebposMultiOrderCheckoutOn2ndCartTestVariation1_CP31_0)
PHPUnit_Extensions_Selenium2TestCase_WebDriverException: Timed out after 90 seconds

/var/www/dev/tests/functional/vendor/magento/mtf/Magento/Mtf/Client/Driver/Selenium/WaitUntil.php:78
/var/www/dev/tests/functional/vendor/magento/mtf/Magento/Mtf/Client/Driver/Selenium/RemoteDriver.php:46
/var/www/dev/tests/functional/vendor/magento/mtf/Magento/Mtf/Client/Driver/Selenium/Driver.php:606
/var/www/dev/tests/functional/vendor/magento/mtf/Magento/Mtf/Client/Browser.php:206
/var/www/dev/tests/functional/vendor/magento/mtf/Magento/Mtf/Block/Block.php:132
/var/www/dev/tests/functional/tests/app/Magento/Webpos/Test/Block/Checkout/CheckoutPlaceOrder.php:35
/var/www/dev/tests/functional/tests/app/Magento/Webpos/Test/TestCase/Checkout/MultiOrder/WebposMultiOrderCheckoutOn1ndCartTest.php:75
/var/www/dev/tests/functional/vendor/magento/mtf/Magento/Mtf/TestCase/Injectable.php:226
/var/www/dev/tests/functional/vendor/magento/mtf/Magento/Mtf/TestCase/Functional.php:300
/var/www/dev/tests/functional/vendor/magento/mtf/Magento/Mtf/TestCase/Functional.php:217
/var/www/dev/tests/functional/vendor/magento/mtf/Magento/Mtf/TestCase/Injectable.php:210
/var/www/dev/tests/functional/vendor/magento/mtf/Magento/Mtf/TestCase/Injectable.php:166

--

There was 1 failure:

1) Magento\Webpos\Test\TestCase\Checkout\MultiOrder\WebposAddOrder11TimesTest::test with data set "WebposAddOrder11TimesTestVariation1_CP21_0" (WebposAddOrder11TimesTestVariation1_CP21_0)
On the AssertWebposCheckGUICustomerPriceCP54 TaxClass, The multi order item 5 were not visible successfully.
Failed asserting that false is true.

/var/www/dev/tests/functional/tests/app/Magento/Webpos/Test/TestCase/Checkout/MultiOrder/WebposAddOrder11TimesTest.php:67
/var/www/dev/tests/functional/vendor/magento/mtf/Magento/Mtf/TestCase/Injectable.php:226
/var/www/dev/tests/functional/vendor/magento/mtf/Magento/Mtf/TestCase/Functional.php:300
/var/www/dev/tests/functional/vendor/magento/mtf/Magento/Mtf/TestCase/Functional.php:217
/var/www/dev/tests/functional/vendor/magento/mtf/Magento/Mtf/TestCase/Injectable.php:210
/var/www/dev/tests/functional/vendor/magento/mtf/Magento/Mtf/TestCase/Injectable.php:166

ERRORS!
Tests: 11, Assertions: 38, Errors: 3, Failures: 1.
