============== Test suite SalesOrderReportSaleByLocationSaleByPaymentSaleByPaymentMethodSaleByPaymentMethodDaily =============
PHPUnit 5.5.7 by Sebastian Bergmann and contributors.

Runtime:       PHP 7.1.11
Configuration: /var/www/dev/tests/functional/phpunit.xml

....FF....                                                        10 / 10 (100%)....

Time: 6.44 minutes, Memory: 74.00MB

There were 2 failures:

1) Magento\Webpos\Test\TestCase\SalesOrderReport\SaleByPaymentMethod\SaleOrderReportRP52Test::test with data set "SaleOrderReportRP52Test_0" (SaleOrderReportRP52Test_0)
Order Count Cash in not correct
Failed asserting that 0.0 matches expected 1.0.

/var/www/dev/tests/functional/tests/app/Magento/Webpos/Test/TestCase/SalesOrderReport/SaleByPaymentMethod/SaleOrderReportRP52Test.php:131
/var/www/dev/tests/functional/vendor/magento/mtf/Magento/Mtf/TestCase/Injectable.php:226
/var/www/dev/tests/functional/vendor/magento/mtf/Magento/Mtf/TestCase/Functional.php:300
/var/www/dev/tests/functional/vendor/magento/mtf/Magento/Mtf/TestCase/Functional.php:217
/var/www/dev/tests/functional/vendor/magento/mtf/Magento/Mtf/TestCase/Injectable.php:210
/var/www/dev/tests/functional/vendor/magento/mtf/Magento/Mtf/TestCase/Injectable.php:166

2) Magento\Webpos\Test\TestCase\SalesOrderReport\SaleByPaymentMethod\SaleOrderReportRP53Test::test with data set "SaleOrderReportRP53Test_0" (SaleOrderReportRP53Test_0)
Order Count Cash in not correct
Failed asserting that 0.0 matches expected 1.0.

/var/www/dev/tests/functional/tests/app/Magento/Webpos/Test/TestCase/SalesOrderReport/SaleByPaymentMethod/SaleOrderReportRP53Test.php:137
/var/www/dev/tests/functional/vendor/magento/mtf/Magento/Mtf/TestCase/Injectable.php:226
/var/www/dev/tests/functional/vendor/magento/mtf/Magento/Mtf/TestCase/Functional.php:300
/var/www/dev/tests/functional/vendor/magento/mtf/Magento/Mtf/TestCase/Functional.php:217
/var/www/dev/tests/functional/vendor/magento/mtf/Magento/Mtf/TestCase/Injectable.php:210
/var/www/dev/tests/functional/vendor/magento/mtf/Magento/Mtf/TestCase/Injectable.php:166

FAILURES!
Tests: 14, Assertions: 25, Failures: 2.
============== Test suite SalesOrderReportSaleByPaymentMethodForLocationSaleByStaffSaleByStaffDaily =============
PHPUnit 5.5.7 by Sebastian Bergmann and contributors.

Runtime:       PHP 7.1.11
Configuration: /var/www/dev/tests/functional/phpunit.xml

.......F...........                                               19 / 19 (100%).......

Time: 7.77 minutes, Memory: 74.00MB

There was 1 failure:

1) Magento\Webpos\Test\TestCase\SalesOrderReport\SaleByPaymentMethodForLocation\SaleByPaymentMethodForLocationRP75Test::test with data set "SaleByPaymentMethodForLocationRP75TestVariation_0" (SaleByPaymentMethodForLocationRP75TestVariation_0)
Location Web POS - Cash In wasn't showed
Failed asserting that two strings are equal.
--- Expected
+++ Actual
@@ @@
-'Web POS - Cash In'
+'Cash In'

/var/www/dev/tests/functional/tests/app/Magento/Webpos/Test/TestCase/SalesOrderReport/SaleByPaymentMethodForLocation/SaleByPaymentMethodForLocationRP75Test.php:132
/var/www/dev/tests/functional/vendor/magento/mtf/Magento/Mtf/TestCase/Injectable.php:226
/var/www/dev/tests/functional/vendor/magento/mtf/Magento/Mtf/TestCase/Functional.php:300
/var/www/dev/tests/functional/vendor/magento/mtf/Magento/Mtf/TestCase/Functional.php:217
/var/www/dev/tests/functional/vendor/magento/mtf/Magento/Mtf/TestCase/Injectable.php:210
/var/www/dev/tests/functional/vendor/magento/mtf/Magento/Mtf/TestCase/Injectable.php:166

FAILURES!
Tests: 26, Assertions: 54, Failures: 1.
