PHPUnit 6.2.4 by Sebastian Bergmann and contributors.

EEEEEEEEEEEEEEEEEEEEEEEEEEEEEE                                    30 / 30 (100%)

Time: 22.16 seconds, Memory: 70.00MB

There were 30 errors:

1) Magento\Webpos\Api\Cart\CartTaxClassTest::testGetList
Exception: <!doctype html>
<html xmlns="http://www.w3.org/1999/xhtml" >
<head>
    <title>There has been an error processing your request</title>
    <base href="http://magento2.travis/pub/errors/default/" />
    <meta http-equiv="Content-Type" content="text/html; charset=utf-8" />
    <meta name="robots" content="*"/>
    <link rel="stylesheet" href="css/styles.css" type="text/css" />
    <link rel="icon" href="images/favicon.ico" type="image/x-icon" />
    <link rel="shortcut icon" href="images/favicon.ico" type="image/x-icon" />
</head>
<body>
    <main class="page-main">
        
<h1>There has been an error processing your request</h1>

<div class="trace-container">
    <div class="trace">
        <pre>Can't create directory /var/www/generated/code/Magento/Webapi/Controller/Rest/Router/. in [Magento\Webapi\Controller\Rest\Router\Proxy]</pre>
    </div>
</div>
    <p>Error log record number: 1227616945712</p>
    </main>
</body>
</html>


/var/www/dev/tests/api-functional/framework/Magento/TestFramework/TestCase/Webapi/Adapter/Rest/CurlClient.php:216
/var/www/dev/tests/api-functional/framework/Magento/TestFramework/TestCase/Webapi/Adapter/Rest/CurlClient.php:134
/var/www/dev/tests/api-functional/framework/Magento/TestFramework/TestCase/Webapi/Adapter/Rest/CurlClient.php:66
/var/www/dev/tests/api-functional/framework/Magento/TestFramework/TestCase/Webapi/Adapter/Rest.php:98
/var/www/dev/tests/api-functional/framework/Magento/TestFramework/TestCase/WebapiAbstract.php:175
/var/www/dev/tests/api-functional/testsuite/Magento/Webpos/Api/Staff/LoginTest.php:51
/var/www/dev/tests/api-functional/testsuite/Magento/Webpos/Api/Cart/CartTaxClassTest.php:38

2) Magento\Webpos\Api\Cart\CartTest::testSendEmail
Error: Call to a member function get() on null

/var/www/dev/tests/api-functional/testsuite/Magento/Sales/Service/V1/OrderCreateTest.php:40
/var/www/dev/tests/api-functional/testsuite/Magento/Sales/Service/V1/OrderCreateTest.php:212
/var/www/dev/tests/api-functional/testsuite/Magento/Webpos/Api/Cart/CartTest.php:43

3) Magento\Webpos\Api\Catalog\SwatchRepositoryTest::testGetList
Exception: <!doctype html>
<html xmlns="http://www.w3.org/1999/xhtml" >
<head>
    <title>There has been an error processing your request</title>
    <base href="http://magento2.travis/pub/errors/default/" />
    <meta http-equiv="Content-Type" content="text/html; charset=utf-8" />
    <meta name="robots" content="*"/>
    <link rel="stylesheet" href="css/styles.css" type="text/css" />
    <link rel="icon" href="images/favicon.ico" type="image/x-icon" />
    <link rel="shortcut icon" href="images/favicon.ico" type="image/x-icon" />
</head>
<body>
    <main class="page-main">
        
<h1>There has been an error processing your request</h1>

<div class="trace-container">
    <div class="trace">
        <pre>Can't create directory /var/www/generated/code/Magento/Webapi/Controller/Rest/Router/. in [Magento\Webapi\Controller\Rest\Router\Proxy]</pre>
    </div>
</div>
    <p>Error log record number: 511251945854</p>
    </main>
</body>
</html>


/var/www/dev/tests/api-functional/framework/Magento/TestFramework/TestCase/Webapi/Adapter/Rest/CurlClient.php:216
/var/www/dev/tests/api-functional/framework/Magento/TestFramework/TestCase/Webapi/Adapter/Rest/CurlClient.php:51
/var/www/dev/tests/api-functional/framework/Magento/TestFramework/TestCase/Webapi/Adapter/Rest.php:95
/var/www/dev/tests/api-functional/framework/Magento/TestFramework/TestCase/WebapiAbstract.php:175
/var/www/dev/tests/api-functional/testsuite/Magento/Webpos/Api/Catalog/SwatchRepositoryTest.php:51

4) Magento\Webpos\Api\Categories\SearchCategoriesCriteriaTest::testGetListCategories
Exception: <!doctype html>
<html xmlns="http://www.w3.org/1999/xhtml" >
<head>
    <title>There has been an error processing your request</title>
    <base href="http://magento2.travis/pub/errors/default/" />
    <meta http-equiv="Content-Type" content="text/html; charset=utf-8" />
    <meta name="robots" content="*"/>
    <link rel="stylesheet" href="css/styles.css" type="text/css" />
    <link rel="icon" href="images/favicon.ico" type="image/x-icon" />
    <link rel="shortcut icon" href="images/favicon.ico" type="image/x-icon" />
</head>
<body>
    <main class="page-main">
        
<h1>There has been an error processing your request</h1>

<div class="trace-container">
    <div class="trace">
        <pre>Can't create directory /var/www/generated/code/Magento/Webapi/Controller/Rest/Router/. in [Magento\Webapi\Controller\Rest\Router\Proxy]</pre>
    </div>
</div>
    <p>Error log record number: 1460282504384</p>
    </main>
</body>
</html>


/var/www/dev/tests/api-functional/framework/Magento/TestFramework/TestCase/Webapi/Adapter/Rest/CurlClient.php:216
/var/www/dev/tests/api-functional/framework/Magento/TestFramework/TestCase/Webapi/Adapter/Rest/CurlClient.php:134
/var/www/dev/tests/api-functional/framework/Magento/TestFramework/TestCase/Webapi/Adapter/Rest/CurlClient.php:66
/var/www/dev/tests/api-functional/framework/Magento/TestFramework/TestCase/Webapi/Adapter/Rest.php:98
/var/www/dev/tests/api-functional/framework/Magento/TestFramework/TestCase/WebapiAbstract.php:175
/var/www/dev/tests/api-functional/testsuite/Magento/Webpos/Api/Staff/LoginTest.php:51
/var/www/dev/tests/api-functional/testsuite/Magento/Webpos/Api/Categories/SearchCategoriesCriteriaTest.php:45
/var/www/dev/tests/api-functional/testsuite/Magento/Webpos/Api/Categories/SearchCategoriesCriteriaTest.php:59

5) Magento\Webpos\Api\Checkout\PlaceOrderTest::testPlaceOrder
Exception: <!doctype html>
<html xmlns="http://www.w3.org/1999/xhtml" >
<head>
    <title>There has been an error processing your request</title>
    <base href="http://magento2.travis/pub/errors/default/" />
    <meta http-equiv="Content-Type" content="text/html; charset=utf-8" />
    <meta name="robots" content="*"/>
    <link rel="stylesheet" href="css/styles.css" type="text/css" />
    <link rel="icon" href="images/favicon.ico" type="image/x-icon" />
    <link rel="shortcut icon" href="images/favicon.ico" type="image/x-icon" />
</head>
<body>
    <main class="page-main">
        
<h1>There has been an error processing your request</h1>

<div class="trace-container">
    <div class="trace">
        <pre>Can't create directory /var/www/generated/code/Magento/Webapi/Controller/Rest/Router/. in [Magento\Webapi\Controller\Rest\Router\Proxy]</pre>
    </div>
</div>
    <p>Error log record number: 756163058005</p>
    </main>
</body>
</html>


/var/www/dev/tests/api-functional/framework/Magento/TestFramework/TestCase/Webapi/Adapter/Rest/CurlClient.php:216
/var/www/dev/tests/api-functional/framework/Magento/TestFramework/TestCase/Webapi/Adapter/Rest/CurlClient.php:134
/var/www/dev/tests/api-functional/framework/Magento/TestFramework/TestCase/Webapi/Adapter/Rest/CurlClient.php:66
/var/www/dev/tests/api-functional/framework/Magento/TestFramework/TestCase/Webapi/Adapter/Rest.php:98
/var/www/dev/tests/api-functional/framework/Magento/TestFramework/TestCase/WebapiAbstract.php:175
/var/www/dev/tests/api-functional/testsuite/Magento/Webpos/Api/Staff/LoginTest.php:51
/var/www/dev/tests/api-functional/testsuite/Magento/Webpos/Api/Checkout/PlaceOrderTest.php:78
/var/www/dev/tests/api-functional/testsuite/Magento/Webpos/Api/Checkout/PlaceOrderTest.php:192

6) Magento\Webpos\Api\Checkout\PlaceOrderTest::testMultiPlaceOrder
Exception: <!doctype html>
<html xmlns="http://www.w3.org/1999/xhtml" >
<head>
    <title>There has been an error processing your request</title>
    <base href="http://magento2.travis/pub/errors/default/" />
    <meta http-equiv="Content-Type" content="text/html; charset=utf-8" />
    <meta name="robots" content="*"/>
    <link rel="stylesheet" href="css/styles.css" type="text/css" />
    <link rel="icon" href="images/favicon.ico" type="image/x-icon" />
    <link rel="shortcut icon" href="images/favicon.ico" type="image/x-icon" />
</head>
<body>
    <main class="page-main">
        
<h1>There has been an error processing your request</h1>

<div class="trace-container">
    <div class="trace">
        <pre>Can't create directory /var/www/generated/code/Magento/Webapi/Controller/Rest/Router/. in [Magento\Webapi\Controller\Rest\Router\Proxy]</pre>
    </div>
</div>
    <p>Error log record number: 551050001873</p>
    </main>
</body>
</html>


/var/www/dev/tests/api-functional/framework/Magento/TestFramework/TestCase/Webapi/Adapter/Rest/CurlClient.php:216
/var/www/dev/tests/api-functional/framework/Magento/TestFramework/TestCase/Webapi/Adapter/Rest/CurlClient.php:134
/var/www/dev/tests/api-functional/framework/Magento/TestFramework/TestCase/Webapi/Adapter/Rest/CurlClient.php:66
/var/www/dev/tests/api-functional/framework/Magento/TestFramework/TestCase/Webapi/Adapter/Rest.php:98
/var/www/dev/tests/api-functional/framework/Magento/TestFramework/TestCase/WebapiAbstract.php:175
/var/www/dev/tests/api-functional/testsuite/Magento/Webpos/Api/Staff/LoginTest.php:51
/var/www/dev/tests/api-functional/testsuite/Magento/Webpos/Api/Checkout/PlaceOrderTest.php:382

7) Magento\Webpos\Api\Checkout\RemoveItemTest::testRemoveItem
Exception: <!doctype html>
<html xmlns="http://www.w3.org/1999/xhtml" >
<head>
    <title>There has been an error processing your request</title>
    <base href="http://magento2.travis/pub/errors/default/" />
    <meta http-equiv="Content-Type" content="text/html; charset=utf-8" />
    <meta name="robots" content="*"/>
    <link rel="stylesheet" href="css/styles.css" type="text/css" />
    <link rel="icon" href="images/favicon.ico" type="image/x-icon" />
    <link rel="shortcut icon" href="images/favicon.ico" type="image/x-icon" />
</head>
<body>
    <main class="page-main">
        
<h1>There has been an error processing your request</h1>

<div class="trace-container">
    <div class="trace">
        <pre>Can't create directory /var/www/generated/code/Magento/Webapi/Controller/Rest/Router/. in [Magento\Webapi\Controller\Rest\Router\Proxy]</pre>
    </div>
</div>
    <p>Error log record number: 494414307354</p>
    </main>
</body>
</html>


/var/www/dev/tests/api-functional/framework/Magento/TestFramework/TestCase/Webapi/Adapter/Rest/CurlClient.php:216
/var/www/dev/tests/api-functional/framework/Magento/TestFramework/TestCase/Webapi/Adapter/Rest/CurlClient.php:134
/var/www/dev/tests/api-functional/framework/Magento/TestFramework/TestCase/Webapi/Adapter/Rest/CurlClient.php:66
/var/www/dev/tests/api-functional/framework/Magento/TestFramework/TestCase/Webapi/Adapter/Rest.php:98
/var/www/dev/tests/api-functional/framework/Magento/TestFramework/TestCase/WebapiAbstract.php:175
/var/www/dev/tests/api-functional/testsuite/Magento/Webpos/Api/Staff/LoginTest.php:51
/var/www/dev/tests/api-functional/testsuite/Magento/Webpos/Api/Checkout/RemoveItemTest.php:83
/var/www/dev/tests/api-functional/testsuite/Magento/Webpos/Api/Checkout/RemoveItemTest.php:102

8) Magento\Webpos\Api\Checkout\SaveCartTest::testSaveCart
Exception: <!doctype html>
<html xmlns="http://www.w3.org/1999/xhtml" >
<head>
    <title>There has been an error processing your request</title>
    <base href="http://magento2.travis/pub/errors/default/" />
    <meta http-equiv="Content-Type" content="text/html; charset=utf-8" />
    <meta name="robots" content="*"/>
    <link rel="stylesheet" href="css/styles.css" type="text/css" />
    <link rel="icon" href="images/favicon.ico" type="image/x-icon" />
    <link rel="shortcut icon" href="images/favicon.ico" type="image/x-icon" />
</head>
<body>
    <main class="page-main">
        
<h1>There has been an error processing your request</h1>

<div class="trace-container">
    <div class="trace">
        <pre>Can't create directory /var/www/generated/code/Magento/Webapi/Controller/Rest/Router/. in [Magento\Webapi\Controller\Rest\Router\Proxy]</pre>
    </div>
</div>
    <p>Error log record number: 1484773616839</p>
    </main>
</body>
</html>


/var/www/dev/tests/api-functional/framework/Magento/TestFramework/TestCase/Webapi/Adapter/Rest/CurlClient.php:216
/var/www/dev/tests/api-functional/framework/Magento/TestFramework/TestCase/Webapi/Adapter/Rest/CurlClient.php:134
/var/www/dev/tests/api-functional/framework/Magento/TestFramework/TestCase/Webapi/Adapter/Rest/CurlClient.php:66
/var/www/dev/tests/api-functional/framework/Magento/TestFramework/TestCase/Webapi/Adapter/Rest.php:98
/var/www/dev/tests/api-functional/framework/Magento/TestFramework/TestCase/WebapiAbstract.php:175
/var/www/dev/tests/api-functional/testsuite/Magento/Webpos/Api/Staff/LoginTest.php:51
/var/www/dev/tests/api-functional/testsuite/Magento/Webpos/Api/Checkout/SaveCartTest.php:58
/var/www/dev/tests/api-functional/testsuite/Magento/Webpos/Api/Checkout/SaveCartTest.php:294

9) Magento\Webpos\Api\Checkout\SaveQuoteDataTest::testSaveQuoteData
Exception: <!doctype html>
<html xmlns="http://www.w3.org/1999/xhtml" >
<head>
    <title>There has been an error processing your request</title>
    <base href="http://magento2.travis/pub/errors/default/" />
    <meta http-equiv="Content-Type" content="text/html; charset=utf-8" />
    <meta name="robots" content="*"/>
    <link rel="stylesheet" href="css/styles.css" type="text/css" />
    <link rel="icon" href="images/favicon.ico" type="image/x-icon" />
    <link rel="shortcut icon" href="images/favicon.ico" type="image/x-icon" />
</head>
<body>
    <main class="page-main">
        
<h1>There has been an error processing your request</h1>

<div class="trace-container">
    <div class="trace">
        <pre>Can't create directory /var/www/generated/code/Magento/Webapi/Controller/Rest/Router/. in [Magento\Webapi\Controller\Rest\Router\Proxy]</pre>
    </div>
</div>
    <p>Error log record number: 202051667491</p>
    </main>
</body>
</html>


/var/www/dev/tests/api-functional/framework/Magento/TestFramework/TestCase/Webapi/Adapter/Rest/CurlClient.php:216
/var/www/dev/tests/api-functional/framework/Magento/TestFramework/TestCase/Webapi/Adapter/Rest/CurlClient.php:134
/var/www/dev/tests/api-functional/framework/Magento/TestFramework/TestCase/Webapi/Adapter/Rest/CurlClient.php:66
/var/www/dev/tests/api-functional/framework/Magento/TestFramework/TestCase/Webapi/Adapter/Rest.php:98
/var/www/dev/tests/api-functional/framework/Magento/TestFramework/TestCase/WebapiAbstract.php:175
/var/www/dev/tests/api-functional/testsuite/Magento/Webpos/Api/Staff/LoginTest.php:51
/var/www/dev/tests/api-functional/testsuite/Magento/Webpos/Api/Checkout/SaveQuoteDataTest.php:51
/var/www/dev/tests/api-functional/testsuite/Magento/Webpos/Api/Checkout/SaveQuoteDataTest.php:81

10) Magento\Webpos\Api\Checkout\SaveShippingMethodTest::testSaveShippingMethod
Exception: <!doctype html>
<html xmlns="http://www.w3.org/1999/xhtml" >
<head>
    <title>There has been an error processing your request</title>
    <base href="http://magento2.travis/pub/errors/default/" />
    <meta http-equiv="Content-Type" content="text/html; charset=utf-8" />
    <meta name="robots" content="*"/>
    <link rel="stylesheet" href="css/styles.css" type="text/css" />
    <link rel="icon" href="images/favicon.ico" type="image/x-icon" />
    <link rel="shortcut icon" href="images/favicon.ico" type="image/x-icon" />
</head>
<body>
    <main class="page-main">
        
<h1>There has been an error processing your request</h1>

<div class="trace-container">
    <div class="trace">
        <pre>Can't create directory /var/www/generated/code/Magento/Webapi/Controller/Rest/Router/. in [Magento\Webapi\Controller\Rest\Router\Proxy]</pre>
    </div>
</div>
    <p>Error log record number: 575541113582</p>
    </main>
</body>
</html>


/var/www/dev/tests/api-functional/framework/Magento/TestFramework/TestCase/Webapi/Adapter/Rest/CurlClient.php:216
/var/www/dev/tests/api-functional/framework/Magento/TestFramework/TestCase/Webapi/Adapter/Rest/CurlClient.php:134
/var/www/dev/tests/api-functional/framework/Magento/TestFramework/TestCase/Webapi/Adapter/Rest/CurlClient.php:66
/var/www/dev/tests/api-functional/framework/Magento/TestFramework/TestCase/Webapi/Adapter/Rest.php:98
/var/www/dev/tests/api-functional/framework/Magento/TestFramework/TestCase/WebapiAbstract.php:175
/var/www/dev/tests/api-functional/testsuite/Magento/Webpos/Api/Staff/LoginTest.php:51
/var/www/dev/tests/api-functional/testsuite/Magento/Webpos/Api/Checkout/SaveShippingMethodTest.php:62
/var/www/dev/tests/api-functional/testsuite/Magento/Webpos/Api/Checkout/SaveShippingMethodTest.php:90

11) Magento\Webpos\Api\Checkout\SendEmailTest::testSendEmail
Exception: <!doctype html>
<html xmlns="http://www.w3.org/1999/xhtml" >
<head>
    <title>There has been an error processing your request</title>
    <base href="http://magento2.travis/pub/errors/default/" />
    <meta http-equiv="Content-Type" content="text/html; charset=utf-8" />
    <meta name="robots" content="*"/>
    <link rel="stylesheet" href="css/styles.css" type="text/css" />
    <link rel="icon" href="images/favicon.ico" type="image/x-icon" />
    <link rel="shortcut icon" href="images/favicon.ico" type="image/x-icon" />
</head>
<body>
    <main class="page-main">
        
<h1>There has been an error processing your request</h1>

<div class="trace-container">
    <div class="trace">
        <pre>Can't create directory /var/www/generated/code/Magento/Webapi/Controller/Rest/Router/. in [Magento\Webapi\Controller\Rest\Router\Proxy]</pre>
    </div>
</div>
    <p>Error log record number: 670444169704</p>
    </main>
</body>
</html>


/var/www/dev/tests/api-functional/framework/Magento/TestFramework/TestCase/Webapi/Adapter/Rest/CurlClient.php:216
/var/www/dev/tests/api-functional/framework/Magento/TestFramework/TestCase/Webapi/Adapter/Rest/CurlClient.php:134
/var/www/dev/tests/api-functional/framework/Magento/TestFramework/TestCase/Webapi/Adapter/Rest/CurlClient.php:66
/var/www/dev/tests/api-functional/framework/Magento/TestFramework/TestCase/Webapi/Adapter/Rest.php:98
/var/www/dev/tests/api-functional/framework/Magento/TestFramework/TestCase/WebapiAbstract.php:175
/var/www/dev/tests/api-functional/testsuite/Magento/Webpos/Api/Staff/LoginTest.php:51
/var/www/dev/tests/api-functional/testsuite/Magento/Webpos/Api/Checkout/SendEmailTest.php:40

12) Magento\Webpos\Api\Config\ConfigRepositoryTest::testGetList
Exception: <!doctype html>
<html xmlns="http://www.w3.org/1999/xhtml" >
<head>
    <title>There has been an error processing your request</title>
    <base href="http://magento2.travis/pub/errors/default/" />
    <meta http-equiv="Content-Type" content="text/html; charset=utf-8" />
    <meta name="robots" content="*"/>
    <link rel="stylesheet" href="css/styles.css" type="text/css" />
    <link rel="icon" href="images/favicon.ico" type="image/x-icon" />
    <link rel="shortcut icon" href="images/favicon.ico" type="image/x-icon" />
</head>
<body>
    <main class="page-main">
        
<h1>There has been an error processing your request</h1>

<div class="trace-container">
    <div class="trace">
        <pre>Can't create directory /var/www/generated/code/Magento/Webapi/Controller/Rest/Router/. in [Magento\Webapi\Controller\Rest\Router\Proxy]</pre>
    </div>
</div>
    <p>Error log record number: 301546806988</p>
    </main>
</body>
</html>


/var/www/dev/tests/api-functional/framework/Magento/TestFramework/TestCase/Webapi/Adapter/Rest/CurlClient.php:216
/var/www/dev/tests/api-functional/framework/Magento/TestFramework/TestCase/Webapi/Adapter/Rest/CurlClient.php:51
/var/www/dev/tests/api-functional/framework/Magento/TestFramework/TestCase/Webapi/Adapter/Rest.php:95
/var/www/dev/tests/api-functional/framework/Magento/TestFramework/TestCase/WebapiAbstract.php:175
/var/www/dev/tests/api-functional/testsuite/Magento/Webpos/Api/Config/ConfigRepositoryTest.php:33

13) Magento\Webpos\Api\Customer\CustomerRepositoryTest::testGetList
Exception: <!doctype html>
<html xmlns="http://www.w3.org/1999/xhtml" >
<head>
    <title>There has been an error processing your request</title>
    <base href="http://magento2.travis/pub/errors/default/" />
    <meta http-equiv="Content-Type" content="text/html; charset=utf-8" />
    <meta name="robots" content="*"/>
    <link rel="stylesheet" href="css/styles.css" type="text/css" />
    <link rel="icon" href="images/favicon.ico" type="image/x-icon" />
    <link rel="shortcut icon" href="images/favicon.ico" type="image/x-icon" />
</head>
<body>
    <main class="page-main">
        
<h1>There has been an error processing your request</h1>

<div class="trace-container">
    <div class="trace">
        <pre>Can't create directory /var/www/generated/code/Magento/Webapi/Controller/Rest/Router/. in [Magento\Webapi\Controller\Rest\Router\Proxy]</pre>
    </div>
</div>
    <p>Error log record number: 1275068478581</p>
    </main>
</body>
</html>


/var/www/dev/tests/api-functional/framework/Magento/TestFramework/TestCase/Webapi/Adapter/Rest/CurlClient.php:216
/var/www/dev/tests/api-functional/framework/Magento/TestFramework/TestCase/Webapi/Adapter/Rest/CurlClient.php:51
/var/www/dev/tests/api-functional/framework/Magento/TestFramework/TestCase/Webapi/Adapter/Rest.php:95
/var/www/dev/tests/api-functional/framework/Magento/TestFramework/TestCase/WebapiAbstract.php:175
/var/www/dev/tests/api-functional/testsuite/Magento/Webpos/Api/Customer/CustomerRepositoryTest.php:71

14) Magento\Webpos\Api\Customer\CustomerRepositoryTest::testSave
Exception: <!doctype html>
<html xmlns="http://www.w3.org/1999/xhtml" >
<head>
    <title>There has been an error processing your request</title>
    <base href="http://magento2.travis/pub/errors/default/" />
    <meta http-equiv="Content-Type" content="text/html; charset=utf-8" />
    <meta name="robots" content="*"/>
    <link rel="stylesheet" href="css/styles.css" type="text/css" />
    <link rel="icon" href="images/favicon.ico" type="image/x-icon" />
    <link rel="shortcut icon" href="images/favicon.ico" type="image/x-icon" />
</head>
<body>
    <main class="page-main">
        
<h1>There has been an error processing your request</h1>

<div class="trace-container">
    <div class="trace">
        <pre>Can't create directory /var/www/generated/code/Magento/Webapi/Controller/Rest/Router/. in [Magento\Webapi\Controller\Rest\Router\Proxy]</pre>
    </div>
</div>
    <p>Error log record number: 329099307251</p>
    </main>
</body>
</html>


/var/www/dev/tests/api-functional/framework/Magento/TestFramework/TestCase/Webapi/Adapter/Rest/CurlClient.php:216
/var/www/dev/tests/api-functional/framework/Magento/TestFramework/TestCase/Webapi/Adapter/Rest/CurlClient.php:134
/var/www/dev/tests/api-functional/framework/Magento/TestFramework/TestCase/Webapi/Adapter/Rest/CurlClient.php:66
/var/www/dev/tests/api-functional/framework/Magento/TestFramework/TestCase/Webapi/Adapter/Rest.php:98
/var/www/dev/tests/api-functional/framework/Magento/TestFramework/TestCase/WebapiAbstract.php:175
/var/www/dev/tests/api-functional/testsuite/Magento/Webpos/Api/Customer/CustomerRepositoryTest.php:114

15) Magento\Webpos\Api\Customer\CustomerRepositoryTest::testSearchCustomer
Exception: <!doctype html>
<html xmlns="http://www.w3.org/1999/xhtml" >
<head>
    <title>There has been an error processing your request</title>
    <base href="http://magento2.travis/pub/errors/default/" />
    <meta http-equiv="Content-Type" content="text/html; charset=utf-8" />
    <meta name="robots" content="*"/>
    <link rel="stylesheet" href="css/styles.css" type="text/css" />
    <link rel="icon" href="images/favicon.ico" type="image/x-icon" />
    <link rel="shortcut icon" href="images/favicon.ico" type="image/x-icon" />
</head>
<body>
    <main class="page-main">
        
<h1>There has been an error processing your request</h1>

<div class="trace-container">
    <div class="trace">
        <pre>Can't create directory /var/www/generated/code/Magento/Webapi/Controller/Rest/Router/. in [Magento\Webapi\Controller\Rest\Router\Proxy]</pre>
    </div>
</div>
    <p>Error log record number: 596970836501</p>
    </main>
</body>
</html>


/var/www/dev/tests/api-functional/framework/Magento/TestFramework/TestCase/Webapi/Adapter/Rest/CurlClient.php:216
/var/www/dev/tests/api-functional/framework/Magento/TestFramework/TestCase/Webapi/Adapter/Rest/CurlClient.php:134
/var/www/dev/tests/api-functional/framework/Magento/TestFramework/TestCase/Webapi/Adapter/Rest/CurlClient.php:66
/var/www/dev/tests/api-functional/framework/Magento/TestFramework/TestCase/Webapi/Adapter/Rest.php:98
/var/www/dev/tests/api-functional/framework/Magento/TestFramework/TestCase/WebapiAbstract.php:175
/var/www/dev/tests/api-functional/testsuite/Magento/Webpos/Api/Staff/LoginTest.php:51
/var/www/dev/tests/api-functional/testsuite/Magento/Webpos/Api/Customer/CustomerRepositoryTest.php:136

16) Magento\Webpos\Api\GetListSession\GetListSessionTest::testGetListShiftSession
Exception: <!doctype html>
<html xmlns="http://www.w3.org/1999/xhtml" >
<head>
    <title>There has been an error processing your request</title>
    <base href="http://magento2.travis/pub/errors/default/" />
    <meta http-equiv="Content-Type" content="text/html; charset=utf-8" />
    <meta name="robots" content="*"/>
    <link rel="stylesheet" href="css/styles.css" type="text/css" />
    <link rel="icon" href="images/favicon.ico" type="image/x-icon" />
    <link rel="shortcut icon" href="images/favicon.ico" type="image/x-icon" />
</head>
<body>
    <main class="page-main">
        
<h1>There has been an error processing your request</h1>

<div class="trace-container">
    <div class="trace">
        <pre>Can't create directory /var/www/generated/code/Magento/Webapi/Controller/Rest/Router/. in [Magento\Webapi\Controller\Rest\Router\Proxy]</pre>
    </div>
</div>
    <p>Error log record number: 324507224020</p>
    </main>
</body>
</html>


/var/www/dev/tests/api-functional/framework/Magento/TestFramework/TestCase/Webapi/Adapter/Rest/CurlClient.php:216
/var/www/dev/tests/api-functional/framework/Magento/TestFramework/TestCase/Webapi/Adapter/Rest/CurlClient.php:134
/var/www/dev/tests/api-functional/framework/Magento/TestFramework/TestCase/Webapi/Adapter/Rest/CurlClient.php:66
/var/www/dev/tests/api-functional/framework/Magento/TestFramework/TestCase/Webapi/Adapter/Rest.php:98
/var/www/dev/tests/api-functional/framework/Magento/TestFramework/TestCase/WebapiAbstract.php:175
/var/www/dev/tests/api-functional/testsuite/Magento/Webpos/Api/Staff/LoginTest.php:51
/var/www/dev/tests/api-functional/testsuite/Magento/Webpos/Api/GetListSession/GetListSessionTest.php:45
/var/www/dev/tests/api-functional/testsuite/Magento/Webpos/Api/GetListSession/GetListSessionTest.php:82

17) Magento\Webpos\Api\Inventory\StockItemRepositoryTest::testGetStockItems
Exception: <!doctype html>
<html xmlns="http://www.w3.org/1999/xhtml" >
<head>
    <title>There has been an error processing your request</title>
    <base href="http://magento2.travis/pub/errors/default/" />
    <meta http-equiv="Content-Type" content="text/html; charset=utf-8" />
    <meta name="robots" content="*"/>
    <link rel="stylesheet" href="css/styles.css" type="text/css" />
    <link rel="icon" href="images/favicon.ico" type="image/x-icon" />
    <link rel="shortcut icon" href="images/favicon.ico" type="image/x-icon" />
</head>
<body>
    <main class="page-main">
        
<h1>There has been an error processing your request</h1>

<div class="trace-container">
    <div class="trace">
        <pre>Can't create directory /var/www/generated/code/Magento/Webapi/Controller/Rest/Router/. in [Magento\Webapi\Controller\Rest\Router\Proxy]</pre>
    </div>
</div>
    <p>Error log record number: 1017911811422</p>
    </main>
</body>
</html>


/var/www/dev/tests/api-functional/framework/Magento/TestFramework/TestCase/Webapi/Adapter/Rest/CurlClient.php:216
/var/www/dev/tests/api-functional/framework/Magento/TestFramework/TestCase/Webapi/Adapter/Rest/CurlClient.php:51
/var/www/dev/tests/api-functional/framework/Magento/TestFramework/TestCase/Webapi/Adapter/Rest.php:95
/var/www/dev/tests/api-functional/framework/Magento/TestFramework/TestCase/WebapiAbstract.php:175
/var/www/dev/tests/api-functional/testsuite/Magento/Webpos/Api/Inventory/StockItemRepositoryTest.php:47

18) Magento\Webpos\Api\Orders\SearchOrderTest::testSearchOrder
Exception: <!doctype html>
<html xmlns="http://www.w3.org/1999/xhtml" >
<head>
    <title>There has been an error processing your request</title>
    <base href="http://magento2.travis/pub/errors/default/" />
    <meta http-equiv="Content-Type" content="text/html; charset=utf-8" />
    <meta name="robots" content="*"/>
    <link rel="stylesheet" href="css/styles.css" type="text/css" />
    <link rel="icon" href="images/favicon.ico" type="image/x-icon" />
    <link rel="shortcut icon" href="images/favicon.ico" type="image/x-icon" />
</head>
<body>
    <main class="page-main">
        
<h1>There has been an error processing your request</h1>

<div class="trace-container">
    <div class="trace">
        <pre>Can't create directory /var/www/generated/code/Magento/Webapi/Controller/Rest/Router/. in [Magento\Webapi\Controller\Rest\Router\Proxy]</pre>
    </div>
</div>
    <p>Error log record number: 727079865460</p>
    </main>
</body>
</html>


/var/www/dev/tests/api-functional/framework/Magento/TestFramework/TestCase/Webapi/Adapter/Rest/CurlClient.php:216
/var/www/dev/tests/api-functional/framework/Magento/TestFramework/TestCase/Webapi/Adapter/Rest/CurlClient.php:134
/var/www/dev/tests/api-functional/framework/Magento/TestFramework/TestCase/Webapi/Adapter/Rest/CurlClient.php:66
/var/www/dev/tests/api-functional/framework/Magento/TestFramework/TestCase/Webapi/Adapter/Rest.php:98
/var/www/dev/tests/api-functional/framework/Magento/TestFramework/TestCase/WebapiAbstract.php:175
/var/www/dev/tests/api-functional/testsuite/Magento/Webpos/Api/Staff/LoginTest.php:51
/var/www/dev/tests/api-functional/testsuite/Magento/Webpos/Api/Orders/SearchOrderTest.php:45
/var/www/dev/tests/api-functional/testsuite/Magento/Webpos/Api/Orders/SearchOrderTest.php:60

19) Magento\Webpos\Api\Payment\PaymentRepositoryTest::testGetList
Exception: <!doctype html>
<html xmlns="http://www.w3.org/1999/xhtml" >
<head>
    <title>There has been an error processing your request</title>
    <base href="http://magento2.travis/pub/errors/default/" />
    <meta http-equiv="Content-Type" content="text/html; charset=utf-8" />
    <meta name="robots" content="*"/>
    <link rel="stylesheet" href="css/styles.css" type="text/css" />
    <link rel="icon" href="images/favicon.ico" type="image/x-icon" />
    <link rel="shortcut icon" href="images/favicon.ico" type="image/x-icon" />
</head>
<body>
    <main class="page-main">
        
<h1>There has been an error processing your request</h1>

<div class="trace-container">
    <div class="trace">
        <pre>Can't create directory /var/www/generated/code/Magento/Webapi/Controller/Rest/Router/. in [Magento\Webapi\Controller\Rest\Router\Proxy]</pre>
    </div>
</div>
    <p>Error log record number: 424002363741</p>
    </main>
</body>
</html>


/var/www/dev/tests/api-functional/framework/Magento/TestFramework/TestCase/Webapi/Adapter/Rest/CurlClient.php:216
/var/www/dev/tests/api-functional/framework/Magento/TestFramework/TestCase/Webapi/Adapter/Rest/CurlClient.php:51
/var/www/dev/tests/api-functional/framework/Magento/TestFramework/TestCase/Webapi/Adapter/Rest.php:95
/var/www/dev/tests/api-functional/framework/Magento/TestFramework/TestCase/WebapiAbstract.php:175
/var/www/dev/tests/api-functional/testsuite/Magento/Webpos/Api/Payment/PaymentRepositoryTest.php:43

20) Magento\Webpos\Api\Pos\PosRepositoryTest::testAssignStaff
Exception: <!doctype html>
<html xmlns="http://www.w3.org/1999/xhtml" >
<head>
    <title>There has been an error processing your request</title>
    <base href="http://magento2.travis/pub/errors/default/" />
    <meta http-equiv="Content-Type" content="text/html; charset=utf-8" />
    <meta name="robots" content="*"/>
    <link rel="stylesheet" href="css/styles.css" type="text/css" />
    <link rel="icon" href="images/favicon.ico" type="image/x-icon" />
    <link rel="shortcut icon" href="images/favicon.ico" type="image/x-icon" />
</head>
<body>
    <main class="page-main">
        
<h1>There has been an error processing your request</h1>

<div class="trace-container">
    <div class="trace">
        <pre>Can't create directory /var/www/generated/code/Magento/Webapi/Controller/Rest/Router/. in [Magento\Webapi\Controller\Rest\Router\Proxy]</pre>
    </div>
</div>
    <p>Error log record number: 1515387509744</p>
    </main>
</body>
</html>


/var/www/dev/tests/api-functional/framework/Magento/TestFramework/TestCase/Webapi/Adapter/Rest/CurlClient.php:216
/var/www/dev/tests/api-functional/framework/Magento/TestFramework/TestCase/Webapi/Adapter/Rest/CurlClient.php:134
/var/www/dev/tests/api-functional/framework/Magento/TestFramework/TestCase/Webapi/Adapter/Rest/CurlClient.php:66
/var/www/dev/tests/api-functional/framework/Magento/TestFramework/TestCase/Webapi/Adapter/Rest.php:98
/var/www/dev/tests/api-functional/framework/Magento/TestFramework/TestCase/WebapiAbstract.php:175
/var/www/dev/tests/api-functional/testsuite/Magento/Webpos/Api/Staff/LoginTest.php:51
/var/www/dev/tests/api-functional/testsuite/Magento/Webpos/Api/Pos/PosRepositoryTest.php:54

21) Magento\Webpos\Api\PosAssign\AssignPosTest::testAssignStaff
Exception: <!doctype html>
<html xmlns="http://www.w3.org/1999/xhtml" >
<head>
    <title>There has been an error processing your request</title>
    <base href="http://magento2.travis/pub/errors/default/" />
    <meta http-equiv="Content-Type" content="text/html; charset=utf-8" />
    <meta name="robots" content="*"/>
    <link rel="stylesheet" href="css/styles.css" type="text/css" />
    <link rel="icon" href="images/favicon.ico" type="image/x-icon" />
    <link rel="shortcut icon" href="images/favicon.ico" type="image/x-icon" />
</head>
<body>
    <main class="page-main">
        
<h1>There has been an error processing your request</h1>

<div class="trace-container">
    <div class="trace">
        <pre>Can't create directory /var/www/generated/code/Magento/Webapi/Controller/Rest/Router/. in [Magento\Webapi\Controller\Rest\Router\Proxy]</pre>
    </div>
</div>
    <p>Error log record number: 970460284228</p>
    </main>
</body>
</html>


/var/www/dev/tests/api-functional/framework/Magento/TestFramework/TestCase/Webapi/Adapter/Rest/CurlClient.php:216
/var/www/dev/tests/api-functional/framework/Magento/TestFramework/TestCase/Webapi/Adapter/Rest/CurlClient.php:134
/var/www/dev/tests/api-functional/framework/Magento/TestFramework/TestCase/Webapi/Adapter/Rest/CurlClient.php:66
/var/www/dev/tests/api-functional/framework/Magento/TestFramework/TestCase/Webapi/Adapter/Rest.php:98
/var/www/dev/tests/api-functional/framework/Magento/TestFramework/TestCase/WebapiAbstract.php:175
/var/www/dev/tests/api-functional/testsuite/Magento/Webpos/Api/Staff/LoginTest.php:51
/var/www/dev/tests/api-functional/testsuite/Magento/Webpos/Api/PosAssign/AssignPosTest.php:37

22) Magento\Webpos\Api\PostList\PostListTest::testPostListSearchCriteria
Exception: <!doctype html>
<html xmlns="http://www.w3.org/1999/xhtml" >
<head>
    <title>There has been an error processing your request</title>
    <base href="http://magento2.travis/pub/errors/default/" />
    <meta http-equiv="Content-Type" content="text/html; charset=utf-8" />
    <meta name="robots" content="*"/>
    <link rel="stylesheet" href="css/styles.css" type="text/css" />
    <link rel="icon" href="images/favicon.ico" type="image/x-icon" />
    <link rel="shortcut icon" href="images/favicon.ico" type="image/x-icon" />
</head>
<body>
    <main class="page-main">
        
<h1>There has been an error processing your request</h1>

<div class="trace-container">
    <div class="trace">
        <pre>Can't create directory /var/www/generated/code/Magento/Webapi/Controller/Rest/Router/. in [Magento\Webapi\Controller\Rest\Router\Proxy]</pre>
    </div>
</div>
    <p>Error log record number: 795961116575</p>
    </main>
</body>
</html>


/var/www/dev/tests/api-functional/framework/Magento/TestFramework/TestCase/Webapi/Adapter/Rest/CurlClient.php:216
/var/www/dev/tests/api-functional/framework/Magento/TestFramework/TestCase/Webapi/Adapter/Rest/CurlClient.php:134
/var/www/dev/tests/api-functional/framework/Magento/TestFramework/TestCase/Webapi/Adapter/Rest/CurlClient.php:66
/var/www/dev/tests/api-functional/framework/Magento/TestFramework/TestCase/Webapi/Adapter/Rest.php:98
/var/www/dev/tests/api-functional/framework/Magento/TestFramework/TestCase/WebapiAbstract.php:175
/var/www/dev/tests/api-functional/testsuite/Magento/Webpos/Api/Staff/LoginTest.php:51
/var/www/dev/tests/api-functional/testsuite/Magento/Webpos/Api/PostList/PostListTest.php:37
/var/www/dev/tests/api-functional/testsuite/Magento/Webpos/Api/PostList/PostListTest.php:51

23) Magento\Webpos\Api\ProductList\ProductListOutOfStockTest::testGetListProductsOutOfStock
Exception: <!doctype html>
<html xmlns="http://www.w3.org/1999/xhtml" >
<head>
    <title>There has been an error processing your request</title>
    <base href="http://magento2.travis/pub/errors/default/" />
    <meta http-equiv="Content-Type" content="text/html; charset=utf-8" />
    <meta name="robots" content="*"/>
    <link rel="stylesheet" href="css/styles.css" type="text/css" />
    <link rel="icon" href="images/favicon.ico" type="image/x-icon" />
    <link rel="shortcut icon" href="images/favicon.ico" type="image/x-icon" />
</head>
<body>
    <main class="page-main">
        
<h1>There has been an error processing your request</h1>

<div class="trace-container">
    <div class="trace">
        <pre>Can't create directory /var/www/generated/code/Magento/Webapi/Controller/Rest/Router/. in [Magento\Webapi\Controller\Rest\Router\Proxy]</pre>
    </div>
</div>
    <p>Error log record number: 834228478148</p>
    </main>
</body>
</html>


/var/www/dev/tests/api-functional/framework/Magento/TestFramework/TestCase/Webapi/Adapter/Rest/CurlClient.php:216
/var/www/dev/tests/api-functional/framework/Magento/TestFramework/TestCase/Webapi/Adapter/Rest/CurlClient.php:134
/var/www/dev/tests/api-functional/framework/Magento/TestFramework/TestCase/Webapi/Adapter/Rest/CurlClient.php:66
/var/www/dev/tests/api-functional/framework/Magento/TestFramework/TestCase/Webapi/Adapter/Rest.php:98
/var/www/dev/tests/api-functional/framework/Magento/TestFramework/TestCase/WebapiAbstract.php:175
/var/www/dev/tests/api-functional/testsuite/Magento/Webpos/Api/Staff/LoginTest.php:51
/var/www/dev/tests/api-functional/testsuite/Magento/Webpos/Api/ProductList/ProductListOutOfStockTest.php:45
/var/www/dev/tests/api-functional/testsuite/Magento/Webpos/Api/ProductList/ProductListOutOfStockTest.php:60

24) Magento\Webpos\Api\Products\Products563\SearchProduct563Test::testSearchProducts563
Exception: <!doctype html>
<html xmlns="http://www.w3.org/1999/xhtml" >
<head>
    <title>There has been an error processing your request</title>
    <base href="http://magento2.travis/pub/errors/default/" />
    <meta http-equiv="Content-Type" content="text/html; charset=utf-8" />
    <meta name="robots" content="*"/>
    <link rel="stylesheet" href="css/styles.css" type="text/css" />
    <link rel="icon" href="images/favicon.ico" type="image/x-icon" />
    <link rel="shortcut icon" href="images/favicon.ico" type="image/x-icon" />
</head>
<body>
    <main class="page-main">
        
<h1>There has been an error processing your request</h1>

<div class="trace-container">
    <div class="trace">
        <pre>Can't create directory /var/www/generated/code/Magento/Webapi/Controller/Rest/Router/. in [Magento\Webapi\Controller\Rest\Router\Proxy]</pre>
    </div>
</div>
    <p>Error log record number: 907701812207</p>
    </main>
</body>
</html>


/var/www/dev/tests/api-functional/framework/Magento/TestFramework/TestCase/Webapi/Adapter/Rest/CurlClient.php:216
/var/www/dev/tests/api-functional/framework/Magento/TestFramework/TestCase/Webapi/Adapter/Rest/CurlClient.php:134
/var/www/dev/tests/api-functional/framework/Magento/TestFramework/TestCase/Webapi/Adapter/Rest/CurlClient.php:66
/var/www/dev/tests/api-functional/framework/Magento/TestFramework/TestCase/Webapi/Adapter/Rest.php:98
/var/www/dev/tests/api-functional/framework/Magento/TestFramework/TestCase/WebapiAbstract.php:175
/var/www/dev/tests/api-functional/testsuite/Magento/Webpos/Api/Staff/LoginTest.php:51
/var/www/dev/tests/api-functional/testsuite/Magento/Webpos/Api/Products/Products563/SearchProduct563Test.php:45
/var/www/dev/tests/api-functional/testsuite/Magento/Webpos/Api/Products/Products563/SearchProduct563Test.php:60

25) Magento\Webpos\Api\Products\Swatch\SearchSwatchTest::testSearchSwatch
Exception: <!doctype html>
<html xmlns="http://www.w3.org/1999/xhtml" >
<head>
    <title>There has been an error processing your request</title>
    <base href="http://magento2.travis/pub/errors/default/" />
    <meta http-equiv="Content-Type" content="text/html; charset=utf-8" />
    <meta name="robots" content="*"/>
    <link rel="stylesheet" href="css/styles.css" type="text/css" />
    <link rel="icon" href="images/favicon.ico" type="image/x-icon" />
    <link rel="shortcut icon" href="images/favicon.ico" type="image/x-icon" />
</head>
<body>
    <main class="page-main">
        
<h1>There has been an error processing your request</h1>

<div class="trace-container">
    <div class="trace">
        <pre>Can't create directory /var/www/generated/code/Magento/Webapi/Controller/Rest/Router/. in [Magento\Webapi\Controller\Rest\Router\Proxy]</pre>
    </div>
</div>
    <p>Error log record number: 348998335966</p>
    </main>
</body>
</html>


/var/www/dev/tests/api-functional/framework/Magento/TestFramework/TestCase/Webapi/Adapter/Rest/CurlClient.php:216
/var/www/dev/tests/api-functional/framework/Magento/TestFramework/TestCase/Webapi/Adapter/Rest/CurlClient.php:134
/var/www/dev/tests/api-functional/framework/Magento/TestFramework/TestCase/Webapi/Adapter/Rest/CurlClient.php:66
/var/www/dev/tests/api-functional/framework/Magento/TestFramework/TestCase/Webapi/Adapter/Rest.php:98
/var/www/dev/tests/api-functional/framework/Magento/TestFramework/TestCase/WebapiAbstract.php:175
/var/www/dev/tests/api-functional/testsuite/Magento/Webpos/Api/Staff/LoginTest.php:51
/var/www/dev/tests/api-functional/testsuite/Magento/Webpos/Api/Products/Swatch/SearchSwatchTest.php:45
/var/www/dev/tests/api-functional/testsuite/Magento/Webpos/Api/Products/Swatch/SearchSwatchTest.php:60

26) Magento\Webpos\Api\Sales\OrderRepositoryTest::testGetList
Exception: <!doctype html>
<html xmlns="http://www.w3.org/1999/xhtml" >
<head>
    <title>There has been an error processing your request</title>
    <base href="http://magento2.travis/pub/errors/default/" />
    <meta http-equiv="Content-Type" content="text/html; charset=utf-8" />
    <meta name="robots" content="*"/>
    <link rel="stylesheet" href="css/styles.css" type="text/css" />
    <link rel="icon" href="images/favicon.ico" type="image/x-icon" />
    <link rel="shortcut icon" href="images/favicon.ico" type="image/x-icon" />
</head>
<body>
    <main class="page-main">
        
<h1>There has been an error processing your request</h1>

<div class="trace-container">
    <div class="trace">
        <pre>Can't create directory /var/www/generated/code/Magento/Webapi/Controller/Rest/Router/. in [Magento\Webapi\Controller\Rest\Router\Proxy]</pre>
    </div>
</div>
    <p>Error log record number: 1519979595136</p>
    </main>
</body>
</html>


/var/www/dev/tests/api-functional/framework/Magento/TestFramework/TestCase/Webapi/Adapter/Rest/CurlClient.php:216
/var/www/dev/tests/api-functional/framework/Magento/TestFramework/TestCase/Webapi/Adapter/Rest/CurlClient.php:51
/var/www/dev/tests/api-functional/framework/Magento/TestFramework/TestCase/Webapi/Adapter/Rest.php:95
/var/www/dev/tests/api-functional/framework/Magento/TestFramework/TestCase/WebapiAbstract.php:175
/var/www/dev/tests/api-functional/testsuite/Magento/Webpos/Api/Sales/OrderRepositoryTest.php:57

27) Magento\Webpos\Api\Shifts\GetListShiftTest::testGetListShift
Exception: <!doctype html>
<html xmlns="http://www.w3.org/1999/xhtml" >
<head>
    <title>There has been an error processing your request</title>
    <base href="http://magento2.travis/pub/errors/default/" />
    <meta http-equiv="Content-Type" content="text/html; charset=utf-8" />
    <meta name="robots" content="*"/>
    <link rel="stylesheet" href="css/styles.css" type="text/css" />
    <link rel="icon" href="images/favicon.ico" type="image/x-icon" />
    <link rel="shortcut icon" href="images/favicon.ico" type="image/x-icon" />
</head>
<body>
    <main class="page-main">
        
<h1>There has been an error processing your request</h1>

<div class="trace-container">
    <div class="trace">
        <pre>Can't create directory /var/www/generated/code/Magento/Webapi/Controller/Rest/Router/. in [Magento\Webapi\Controller\Rest\Router\Proxy]</pre>
    </div>
</div>
    <p>Error log record number: 757693756044</p>
    </main>
</body>
</html>


/var/www/dev/tests/api-functional/framework/Magento/TestFramework/TestCase/Webapi/Adapter/Rest/CurlClient.php:216
/var/www/dev/tests/api-functional/framework/Magento/TestFramework/TestCase/Webapi/Adapter/Rest/CurlClient.php:134
/var/www/dev/tests/api-functional/framework/Magento/TestFramework/TestCase/Webapi/Adapter/Rest/CurlClient.php:66
/var/www/dev/tests/api-functional/framework/Magento/TestFramework/TestCase/Webapi/Adapter/Rest.php:98
/var/www/dev/tests/api-functional/framework/Magento/TestFramework/TestCase/WebapiAbstract.php:175
/var/www/dev/tests/api-functional/testsuite/Magento/Webpos/Api/Staff/LoginTest.php:51
/var/www/dev/tests/api-functional/testsuite/Magento/Webpos/Api/Shifts/GetListShiftTest.php:38
/var/www/dev/tests/api-functional/testsuite/Magento/Webpos/Api/Shifts/GetListShiftTest.php:52

28) Magento\Webpos\Api\Staff\LoginTest::testStaffLogin
Exception: <!doctype html>
<html xmlns="http://www.w3.org/1999/xhtml" >
<head>
    <title>There has been an error processing your request</title>
    <base href="http://magento2.travis/pub/errors/default/" />
    <meta http-equiv="Content-Type" content="text/html; charset=utf-8" />
    <meta name="robots" content="*"/>
    <link rel="stylesheet" href="css/styles.css" type="text/css" />
    <link rel="icon" href="images/favicon.ico" type="image/x-icon" />
    <link rel="shortcut icon" href="images/favicon.ico" type="image/x-icon" />
</head>
<body>
    <main class="page-main">
        
<h1>There has been an error processing your request</h1>

<div class="trace-container">
    <div class="trace">
        <pre>Can't create directory /var/www/generated/code/Magento/Webapi/Controller/Rest/Router/. in [Magento\Webapi\Controller\Rest\Router\Proxy]</pre>
    </div>
</div>
    <p>Error log record number: 935254313218</p>
    </main>
</body>
</html>


/var/www/dev/tests/api-functional/framework/Magento/TestFramework/TestCase/Webapi/Adapter/Rest/CurlClient.php:216
/var/www/dev/tests/api-functional/framework/Magento/TestFramework/TestCase/Webapi/Adapter/Rest/CurlClient.php:134
/var/www/dev/tests/api-functional/framework/Magento/TestFramework/TestCase/Webapi/Adapter/Rest/CurlClient.php:66
/var/www/dev/tests/api-functional/framework/Magento/TestFramework/TestCase/Webapi/Adapter/Rest.php:98
/var/www/dev/tests/api-functional/framework/Magento/TestFramework/TestCase/WebapiAbstract.php:175
/var/www/dev/tests/api-functional/testsuite/Magento/Webpos/Api/Staff/LoginTest.php:51

29) Magento\Webpos\Api\Staff\StaffManagementTest::testStaffLogin
Exception: <!doctype html>
<html xmlns="http://www.w3.org/1999/xhtml" >
<head>
    <title>There has been an error processing your request</title>
    <base href="http://magento2.travis/pub/errors/default/" />
    <meta http-equiv="Content-Type" content="text/html; charset=utf-8" />
    <meta name="robots" content="*"/>
    <link rel="stylesheet" href="css/styles.css" type="text/css" />
    <link rel="icon" href="images/favicon.ico" type="image/x-icon" />
    <link rel="shortcut icon" href="images/favicon.ico" type="image/x-icon" />
</head>
<body>
    <main class="page-main">
        
<h1>There has been an error processing your request</h1>

<div class="trace-container">
    <div class="trace">
        <pre>Can't create directory /var/www/generated/code/Magento/Webapi/Controller/Rest/Router/. in [Magento\Webapi\Controller\Rest\Router\Proxy]</pre>
    </div>
</div>
    <p>Error log record number: 1076078203496</p>
    </main>
</body>
</html>


/var/www/dev/tests/api-functional/framework/Magento/TestFramework/TestCase/Webapi/Adapter/Rest/CurlClient.php:216
/var/www/dev/tests/api-functional/framework/Magento/TestFramework/TestCase/Webapi/Adapter/Rest/CurlClient.php:134
/var/www/dev/tests/api-functional/framework/Magento/TestFramework/TestCase/Webapi/Adapter/Rest/CurlClient.php:66
/var/www/dev/tests/api-functional/framework/Magento/TestFramework/TestCase/Webapi/Adapter/Rest.php:98
/var/www/dev/tests/api-functional/framework/Magento/TestFramework/TestCase/WebapiAbstract.php:175
/var/www/dev/tests/api-functional/testsuite/Magento/Webpos/Api/Staff/LoginTest.php:51
/var/www/dev/tests/api-functional/testsuite/Magento/Webpos/Api/Staff/StaffManagementTest.php:33

30) Magento\Webpos\Api\TaxClass\TaxClassTest::testSearchCriteria
Exception: <!doctype html>
<html xmlns="http://www.w3.org/1999/xhtml" >
<head>
    <title>There has been an error processing your request</title>
    <base href="http://magento2.travis/pub/errors/default/" />
    <meta http-equiv="Content-Type" content="text/html; charset=utf-8" />
    <meta name="robots" content="*"/>
    <link rel="stylesheet" href="css/styles.css" type="text/css" />
    <link rel="icon" href="images/favicon.ico" type="image/x-icon" />
    <link rel="shortcut icon" href="images/favicon.ico" type="image/x-icon" />
</head>
<body>
    <main class="page-main">
        
<h1>There has been an error processing your request</h1>

<div class="trace-container">
    <div class="trace">
        <pre>Can't create directory /var/www/generated/code/Magento/Webapi/Controller/Rest/Router/. in [Magento\Webapi\Controller\Rest\Router\Proxy]</pre>
    </div>
</div>
    <p>Error log record number: 1069955425898</p>
    </main>
</body>
</html>


/var/www/dev/tests/api-functional/framework/Magento/TestFramework/TestCase/Webapi/Adapter/Rest/CurlClient.php:216
/var/www/dev/tests/api-functional/framework/Magento/TestFramework/TestCase/Webapi/Adapter/Rest/CurlClient.php:134
/var/www/dev/tests/api-functional/framework/Magento/TestFramework/TestCase/Webapi/Adapter/Rest/CurlClient.php:66
/var/www/dev/tests/api-functional/framework/Magento/TestFramework/TestCase/Webapi/Adapter/Rest.php:98
/var/www/dev/tests/api-functional/framework/Magento/TestFramework/TestCase/WebapiAbstract.php:175
/var/www/dev/tests/api-functional/testsuite/Magento/Webpos/Api/Staff/LoginTest.php:51
/var/www/dev/tests/api-functional/testsuite/Magento/Webpos/Api/TaxClass/TaxClassTest.php:36

ERRORS!
Tests: 30, Assertions: 0, Errors: 30.

=== Memory Usage System Stats ===
Memory usage (OS):	99.80M (146.77% of 68.00M reported by PHP)
Estimated memory leak:	31.80M (31.86% of used memory)

